SF:lib/providers/cart_provider.dart
DA:10,1
DA:11,7
DA:13,2
DA:14,3
DA:15,4
DA:16,3
DA:19,3
DA:25,1
DA:28,1
DA:29,8
DA:30,1
DA:33,1
DA:34,7
DA:36,2
DA:37,3
DA:38,4
DA:39,3
DA:41,1
DA:45,1
DA:46,7
DA:48,2
DA:49,4
DA:50,3
DA:51,4
DA:52,3
DA:55,2
DA:57,1
DA:61,1
DA:62,2
DA:63,1
LF:30
LH:30
end_of_record
SF:lib/components/molecules/cart_product_card.dart
DA:16,1
DA:20,1
DA:22,1
DA:24,1
DA:25,3
DA:26,3
DA:27,5
DA:28,1
DA:30,1
DA:31,1
DA:32,1
DA:33,1
DA:34,0
DA:35,0
DA:39,4
DA:40,1
DA:41,0
DA:42,0
DA:48,1
DA:49,0
LF:20
LH:15
end_of_record
SF:lib/models/cart_product_model.dart
DA:17,3
LF:1
LH:1
end_of_record
SF:lib/components/molecules/skeletons/categories_skeleton.dart
DA:9,17
DA:11,2
LF:2
LH:2
end_of_record
SF:lib/components/organism/categories.dart
DA:23,4
DA:25,2
DA:26,2
DA:30,2
DA:32,2
DA:33,4
DA:34,2
DA:37,2
DA:39,2
DA:41,2
DA:43,2
DA:45,2
DA:54,4
DA:56,2
DA:57,2
DA:58,2
DA:60,4
LF:17
LH:17
end_of_record
SF:lib/providers/category_provider.dart
DA:15,2
DA:16,6
DA:18,3
DA:19,2
DA:21,3
DA:22,9
DA:23,12
DA:24,3
DA:25,3
DA:28,3
DA:32,3
DA:33,5
DA:34,1
DA:35,0
DA:36,0
DA:40,3
LF:16
LH:14
end_of_record
SF:lib/providers/product_provider.dart
DA:32,7
DA:33,6
DA:36,4
DA:37,4
DA:38,10
DA:40,1
DA:44,1
DA:45,1
DA:48,3
DA:49,9
DA:50,12
DA:51,3
DA:52,3
DA:55,1
DA:59,1
DA:60,1
DA:61,1
DA:62,1
DA:63,3
DA:64,4
DA:65,1
DA:66,1
DA:69,1
DA:70,3
DA:71,1
DA:72,4
DA:73,3
DA:74,3
DA:75,1
DA:77,0
DA:79,1
DA:82,5
DA:88,8
DA:89,3
DA:90,3
DA:91,3
DA:92,3
DA:93,0
DA:97,0
DA:99,5
LF:40
LH:37
end_of_record
SF:lib/components/organism/custom_lateral_menu.dart
DA:13,1
DA:14,1
DA:16,1
DA:19,1
DA:20,1
DA:21,1
DA:22,1
DA:23,0
DA:24,2
DA:25,0
DA:26,0
DA:27,0
DA:28,0
DA:30,1
DA:32,3
LF:15
LH:10
end_of_record
SF:lib/providers/auth_provider.dart
DA:18,4
DA:20,1
DA:21,2
DA:22,2
DA:23,2
DA:24,2
DA:25,2
DA:26,2
DA:28,1
DA:32,1
DA:35,2
DA:36,2
DA:37,12
DA:38,2
DA:41,2
DA:42,8
DA:43,6
DA:44,6
DA:45,6
DA:46,6
DA:47,2
DA:50,2
DA:51,12
DA:52,2
DA:53,2
DA:57,2
DA:61,3
DA:62,3
DA:63,5
DA:64,0
DA:65,0
DA:69,0
DA:71,1
DA:75,1
DA:76,1
DA:77,1
DA:80,2
DA:81,2
DA:82,2
DA:83,4
DA:84,4
DA:85,4
DA:86,4
DA:87,4
DA:88,2
LF:45
LH:42
end_of_record
SF:lib/providers/lateral_menu_provider.dart
DA:9,6
DA:11,2
DA:12,2
DA:13,2
DA:15,0
DA:16,0
DA:24,2
DA:25,2
DA:26,2
DA:29,1
DA:30,1
LF:11
LH:9
end_of_record
SF:lib/utils/string_utils.dart
DA:21,2
DA:22,2
DA:23,5
LF:3
LH:3
end_of_record
SF:lib/components/organism/custom_search_bar.dart
DA:30,3
DA:36,3
DA:38,3
DA:40,3
DA:44,3
DA:45,3
DA:46,3
DA:47,3
DA:49,3
DA:50,3
DA:51,3
DA:52,6
DA:54,3
DA:55,6
DA:56,3
DA:63,3
DA:64,5
LF:17
LH:17
end_of_record
SF:lib/components/pages/cart_page.dart
DA:18,18
DA:20,1
DA:23,1
DA:25,1
DA:27,0
DA:28,1
DA:29,1
DA:31,1
DA:32,2
DA:33,1
DA:56,1
DA:57,2
DA:60,1
DA:65,1
DA:66,2
DA:67,1
LF:16
LH:15
end_of_record
SF:lib/components/pages/category_page.dart
DA:14,18
DA:16,1
DA:19,1
DA:21,1
DA:22,1
DA:24,0
DA:25,1
DA:26,1
DA:28,1
DA:32,1
DA:33,1
DA:34,4
DA:35,1
DA:38,1
LF:14
LH:13
end_of_record
SF:lib/components/pages/contact_us_page.dart
DA:13,18
DA:15,1
DA:17,1
DA:19,0
DA:20,1
DA:21,1
DA:23,1
DA:28,1
DA:30,1
DA:32,1
DA:36,1
DA:38,1
LF:12
LH:11
end_of_record
SF:lib/components/pages/home_page.dart
DA:20,18
DA:22,2
DA:23,2
DA:29,2
DA:31,2
DA:33,6
DA:34,4
DA:37,2
DA:40,2
DA:42,2
DA:43,2
DA:44,6
DA:45,0
DA:46,0
DA:51,1
DA:52,1
DA:54,2
DA:55,1
DA:59,2
DA:60,2
DA:62,2
DA:67,2
DA:69,2
DA:70,0
DA:71,0
DA:77,4
DA:85,2
DA:86,4
DA:88,2
DA:89,4
DA:91,4
DA:93,2
DA:94,4
LF:33
LH:29
end_of_record
SF:lib/components/pages/login_page.dart
DA:16,17
DA:18,1
DA:21,1
DA:22,1
DA:24,1
DA:25,1
DA:27,1
DA:28,1
DA:32,1
DA:46,1
DA:48,1
DA:49,1
DA:50,1
DA:51,1
DA:53,2
DA:54,1
DA:60,1
DA:62,2
DA:64,1
DA:70,1
DA:71,1
DA:72,2
DA:75,1
DA:76,0
DA:77,0
DA:78,0
LF:26
LH:23
end_of_record
SF:lib/components/pages/product_page.dart
DA:16,18
DA:18,1
DA:21,1
DA:24,2
DA:26,1
DA:27,0
DA:28,1
DA:29,1
DA:31,1
DA:32,1
DA:33,1
DA:38,1
DA:40,1
DA:42,2
DA:43,0
DA:44,0
DA:50,1
DA:51,1
DA:52,1
DA:57,1
DA:58,3
DA:59,1
DA:64,1
DA:67,1
DA:72,1
DA:73,1
DA:79,1
DA:82,1
DA:87,1
DA:89,1
DA:90,1
DA:91,1
LF:32
LH:29
end_of_record
SF:lib/components/pages/search_page.dart
DA:17,18
DA:19,1
DA:22,1
DA:24,1
DA:26,1
DA:28,0
DA:29,0
DA:30,0
DA:32,1
DA:33,1
DA:34,1
DA:35,1
DA:40,2
DA:41,1
DA:50,1
DA:51,1
DA:52,3
DA:53,1
DA:57,2
LF:19
LH:16
end_of_record
SF:lib/components/pages/sign_up_page.dart
DA:16,18
DA:18,1
DA:21,1
DA:23,1
DA:25,1
DA:26,1
DA:27,1
DA:28,1
DA:30,0
DA:31,0
DA:34,1
DA:37,1
DA:38,1
DA:42,1
DA:56,1
DA:58,1
DA:59,1
DA:60,1
DA:61,1
DA:63,1
DA:64,1
DA:70,1
DA:72,1
DA:73,1
DA:79,1
DA:81,1
DA:82,1
DA:88,1
DA:90,1
DA:91,1
DA:97,1
DA:99,1
DA:101,1
DA:107,1
DA:109,1
DA:110,0
DA:111,0
DA:114,1
DA:115,0
DA:116,0
DA:120,0
LF:41
LH:34
end_of_record
SF:lib/models/user_model.dart
DA:25,36
DA:36,5
LF:2
LH:2
end_of_record
SF:lib/utils/alerts_utils.dart
DA:15,2
DA:20,2
DA:22,2
DA:27,4
LF:4
LH:4
end_of_record
SF:lib/routes.dart
DA:12,15
DA:13,1
DA:14,0
DA:15,1
DA:16,0
DA:17,0
DA:18,0
DA:19,0
DA:20,0
LF:9
LH:3
end_of_record
